TN:
SF:/home/xander/Documents/Cprograms/dstruc-algoritmLab/ex1.1/splist.c
FN:16,compareChar
FNDA:3,compareChar
FN:21,spl_create
FNDA:6,spl_create
FN:30,spl_free
FNDA:7,spl_free
FN:50,spl_size
FNDA:5,spl_size
FN:59,find_reference
FNDA:27,find_reference
FN:76,spl_insert_at_reference
FNDA:16,spl_insert_at_reference
FN:108,spl_get_element_at_reference
FNDA:4,spl_get_element_at_reference
FN:120,spl_remove_at_reference
FNDA:5,spl_remove_at_reference
FN:143,spl_get_next_reference
FNDA:5,spl_get_next_reference
FN:153,spl_get_first_reference
FNDA:4,spl_get_first_reference
FN:160,spl_get_last_reference
FNDA:4,spl_get_last_reference
FN:167,spl_get_reference_of_element
FNDA:1,spl_get_reference_of_element
DA:16,3
DA:17,3
DA:21,6
DA:23,6
DA:24,6
DA:25,6
DA:27,6
DA:30,7
DA:32,7
DA:34,6
DA:37,19
DA:38,13
DA:39,13
DA:40,13
DA:43,6
DA:45,6
DA:47,7
DA:50,5
DA:51,5
DA:52,1
DA:53,4
DA:59,27
DA:60,27
DA:61,57
DA:62,35
DA:63,35
DA:64,5
DA:66,22
DA:76,16
DA:78,16
DA:79,1
DA:82,15
DA:83,15
DA:84,15
DA:86,15
DA:88,5
DA:89,5
DA:91,10
DA:93,1
DA:94,1
DA:97,9
DA:99,9
DA:100,9
DA:101,9
DA:104,15
DA:108,4
DA:110,4
DA:111,0
DA:113,4
DA:114,4
DA:115,0
DA:116,4
DA:120,5
DA:122,5
DA:123,3
DA:125,2
DA:127,2
DA:128,0
DA:131,2
DA:132,2
DA:134,2
DA:137,2
DA:138,2
DA:140,2
DA:143,5
DA:144,5
DA:145,0
DA:147,5
DA:148,5
DA:149,0
DA:150,5
DA:153,4
DA:154,4
DA:155,0
DA:157,4
DA:160,4
DA:161,4
DA:162,0
DA:164,4
DA:167,1
DA:168,1
DA:169,0
DA:171,1
DA:174,3
DA:175,3
DA:176,3
DA:177,1
DA:178,2
DA:180,0
end_of_record
TN:
SF:/home/xander/Documents/Cprograms/dstruc-algoritmLab/ex1.1/splist_test.c
FN:8,setup
FNDA:4,setup
FN:12,teardown
FNDA:4,teardown
FN:15,test_ListFree_fn
FNDA:1,test_ListFree_fn
FN:44,test_listInsertAtReference_fn
FNDA:1,test_listInsertAtReference_fn
FN:105,test_getReferences_fn
FNDA:1,test_getReferences_fn
FN:124,test_removeReferences_fn
FNDA:1,test_removeReferences_fn
FN:159,main
FNDA:5,main
DA:8,4
DA:10,4
DA:12,4
DA:14,4
DA:15,1
DA:18,1
DA:19,1
DA:20,1
DA:23,1
DA:24,1
DA:25,1
DA:28,1
DA:29,1
DA:30,1
DA:31,1
DA:34,1
DA:35,1
DA:36,1
DA:37,1
DA:38,1
DA:39,1
DA:41,1
DA:44,1
DA:47,1
DA:48,1
DA:52,1
DA:54,1
DA:57,1
DA:58,1
DA:62,1
DA:63,1
DA:64,1
DA:68,1
DA:69,1
DA:73,1
DA:74,1
DA:75,1
DA:76,1
DA:79,1
DA:80,1
DA:81,1
DA:83,1
DA:84,1
DA:85,1
DA:87,1
DA:88,1
DA:89,1
DA:91,1
DA:92,1
DA:93,1
DA:96,1
DA:99,1
DA:100,1
DA:101,1
DA:105,1
DA:108,1
DA:109,1
DA:110,1
DA:111,1
DA:113,1
DA:114,1
DA:115,1
DA:117,1
DA:119,1
DA:121,1
DA:124,1
DA:127,1
DA:128,1
DA:130,1
DA:131,1
DA:133,1
DA:134,1
DA:135,1
DA:136,1
DA:139,1
DA:140,1
DA:141,1
DA:144,1
DA:147,1
DA:148,1
DA:149,1
DA:150,1
DA:153,1
DA:155,1
DA:156,1
DA:159,5
DA:160,5
DA:161,5
DA:162,5
DA:165,5
DA:166,5
DA:167,5
DA:168,5
DA:169,5
DA:170,5
DA:173,5
DA:175,1
DA:176,1
DA:178,1
end_of_record
